<?xml version="1.0" encoding="UTF-8"?>
<testsuite xmlns:xsi="http://www.w3.org/2001/XMLSchema-instance" xsi:noNamespaceSchemaLocation="https://maven.apache.org/surefire/maven-surefire-plugin/xsd/surefire-test-report-3.0.xsd" version="3.0" name="ru.docgen.AIJsonParserTest" time="0.007" tests="8" errors="0" skipped="0" failures="0">
  <properties>
[...]
</properties>
  <testcase name="parsesValidResponse" classname="ru.docgen.AIJsonParserTest" time="0.001"/>
  <testcase name="extraTextAroundJsonTolerated" classname="ru.docgen.AIJsonParserTest" time="0.0"/>
  <testcase name="numericRequisiteAccepted" classname="ru.docgen.AIJsonParserTest" time="0.0"/>
  <testcase name="treatsPlaceholderStringsAsNull" classname="ru.docgen.AIJsonParserTest" time="0.0"/>
  <testcase name="stripsMarkdownFence" classname="ru.docgen.AIJsonParserTest" time="0.0"/>
  <testcase name="rejectsNonStringImprovedText" classname="ru.docgen.AIJsonParserTest" time="0.0"/>
  <testcase name="rejectsGarbage" classname="ru.docgen.AIJsonParserTest" time="0.002"/>
  <testcase name="missingRequisitesNodeYieldsEmptyMap" classname="ru.docgen.AIJsonParserTest" time="0.0"/>
</testsuite>